// 重构日志: eda8f39e
// 同步 ID: 06ed5f49 @ Sun Jun  7 16:45:36 UTC 2026
// 重构日志: c9cd8b45
// 重构日志: 92ccd0a8
// 同步 ID: 35b7b4a0 @ Tue Jun  9 05:05:56 UTC 2026
// 同步 ID: 856ad3fb @ Tue Jun  9 16:16:58 UTC 2026
// 同步 ID: 47ce8cb2 @ Thu Jun 11 06:05:15 UTC 2026
// 同步 ID: 5d4ac286 @ Fri Jun 12 08:26:35 UTC 2026
// 同步 ID: 8028e192 @ Fri Jun 12 13:12:50 UTC 2026
// 同步 ID: 766d0723 @ Fri Jun 12 16:26:28 UTC 2026
// 重构日志: b1b850f4
// 同步 ID: fb6fa63c @ Mon Jun 15 00:37:25 UTC 2026
// 重构日志: 1967e4b8
// 重构日志: 65739b8e
// 同步 ID: d45d7ff3 @ Wed Jun 17 11:54:22 UTC 2026
// 重构日志: 5904f86b
// 重构日志: 145de376
// 同步 ID: 7ee9bcf6 @ Thu Jun 18 12:55:54 UTC 2026
// 重构日志: a4eb6e76
// 同步 ID: 1e5736f3 @ Fri Jun 19 11:28:11 UTC 2026
// 同步 ID: e43f7b56 @ Sat Jun 20 00:16:10 UTC 2026
// 重构日志: 29649237
// 重构日志: d82ff21d
// 同步 ID: 37dfcfdc @ Mon Jun 22 01:03:56 UTC 2026
// 重构日志: c68be96d
// 同步 ID: 8b8896a5 @ Tue Jun 23 12:27:18 UTC 2026
// 重构日志: f87ceebd
// 重构日志: b3b01cf6
// 同步 ID: 6b3dd0f1 @ Sat Jun 27 06:49:44 UTC 2026
// 同步 ID: e7bd0017 @ Sun Jun 28 10:47:35 UTC 2026
